빌드 시작: 2014-10-29 오후 7:06:01
     1>2 노드의 "D:\그래픽스\samples\samples\samples.vcxproj" 프로젝트(build 대상)입니다.
     1>InitializeBuildStatus:
         "AlwaysCreate"이(가) 지정되었기 때문에 "Debug\samples.unsuccessfulbuild"을(를) 만들고 있습니다.
       ClCompile:
         D:\Visual Studio 10\VC\bin\CL.exe /c /I../include /ZI /nologo /W3 /WX- /Od /Oy- /D _MBCS /Gm /EHsc /RTC1 /MDd /GS /fp:precise /Zc:wchar_t /Zc:forScope /Fo"Debug\\" /Fd"Debug\vc100.pdb" /Gd /TP /analyze- /errorReport:prompt ..\src\triangles.cpp
         triangles.cpp
     1>d:\그래픽스\samples\src\triangles.cpp(30): warning C4305: '초기화 중' : 'double'에서 'GLfloat'(으)로 잘립니다.
     1>d:\그래픽스\samples\src\triangles.cpp(30): warning C4305: '초기화 중' : 'double'에서 'GLfloat'(으)로 잘립니다.
     1>d:\그래픽스\samples\src\triangles.cpp(31): warning C4305: '초기화 중' : 'double'에서 'GLfloat'(으)로 잘립니다.
     1>d:\그래픽스\samples\src\triangles.cpp(31): warning C4305: '초기화 중' : 'double'에서 'GLfloat'(으)로 잘립니다.
     1>d:\그래픽스\samples\src\triangles.cpp(32): warning C4305: '초기화 중' : 'double'에서 'GLfloat'(으)로 잘립니다.
     1>d:\그래픽스\samples\src\triangles.cpp(32): warning C4305: '초기화 중' : 'double'에서 'GLfloat'(으)로 잘립니다.
     1>d:\그래픽스\samples\src\triangles.cpp(33): warning C4305: '초기화 중' : 'double'에서 'GLfloat'(으)로 잘립니다.
     1>d:\그래픽스\samples\src\triangles.cpp(33): warning C4305: '초기화 중' : 'double'에서 'GLfloat'(으)로 잘립니다.
     1>d:\그래픽스\samples\src\triangles.cpp(34): warning C4305: '초기화 중' : 'double'에서 'GLfloat'(으)로 잘립니다.
     1>d:\그래픽스\samples\src\triangles.cpp(34): warning C4305: '초기화 중' : 'double'에서 'GLfloat'(으)로 잘립니다.
     1>d:\그래픽스\samples\src\triangles.cpp(35): warning C4305: '초기화 중' : 'double'에서 'GLfloat'(으)로 잘립니다.
     1>d:\그래픽스\samples\src\triangles.cpp(35): warning C4305: '초기화 중' : 'double'에서 'GLfloat'(으)로 잘립니다.
       Link:
         D:\Visual Studio 10\VC\bin\link.exe /ERRORREPORT:PROMPT /OUT:"D:\그래픽스\samples\samples\Debug\samples.exe" /NOLOGO /LIBPATH:../lib glew32.lib freeglut.lib kernel32.lib user32.lib gdi32.lib winspool.lib comdlg32.lib advapi32.lib shell32.lib ole32.lib oleaut32.lib uuid.lib odbc32.lib odbccp32.lib kernel32.lib user32.lib gdi32.lib winspool.lib comdlg32.lib advapi32.lib shell32.lib ole32.lib oleaut32.lib uuid.lib odbc32.lib odbccp32.lib /MANIFEST /ManifestFile:"Debug\samples.exe.intermediate.manifest" /MANIFESTUAC:"level='asInvoker' uiAccess='false'" /DEBUG /PDB:"D:\그래픽스\samples\samples\Debug\samples.pdb" /TLBID:1 /DYNAMICBASE /NXCOMPAT /IMPLIB:"D:\그래픽스\samples\samples\Debug\samples.lib" /MACHINE:X86 Debug\triangles.obj
         samples.vcxproj -> D:\그래픽스\samples\samples\Debug\samples.exe
       Manifest:
         C:\Program Files\Microsoft SDKs\Windows\v7.0A\bin\mt.exe /nologo /verbose /out:"D:\그래픽스\samples\samples\Debug\samples.exe.manifest" /manifest Debug\samples.exe.intermediate.manifest
       FinalizeBuildStatus:
         "Debug\samples.unsuccessfulbuild" 파일을 삭제하고 있습니다.
         "Debug\samples.lastbuildstate"에 연결(touching)하고 있습니다.
     1>"D:\그래픽스\samples\samples\samples.vcxproj" 프로젝트를 빌드했습니다(build 대상).

빌드했습니다.

경과 시간: 00:00:02.51
