C:\Users\minho\Dropbox\courses\14fall\cg\samples\src\Debug\cl.command.1.tlog
C:\Users\minho\Dropbox\courses\14fall\cg\samples\src\Debug\CL.read.1.tlog
C:\Users\minho\Dropbox\courses\14fall\cg\samples\src\Debug\CL.write.1.tlog
C:\USERS\MINHO\DROPBOX\COURSES\14FALL\CG\SAMPLES\SRC\DEBUG\DRAWARRAYSINSTANCED.OBJ
C:\USERS\MINHO\DROPBOX\COURSES\14FALL\CG\SAMPLES\SRC\DEBUG\DRAWELEMENTS.OBJ
C:\Users\minho\Dropbox\courses\14fall\cg\samples\src\Debug\link.command.1.tlog
C:\Users\minho\Dropbox\courses\14fall\cg\samples\src\Debug\link.read.1.tlog
C:\Users\minho\Dropbox\courses\14fall\cg\samples\src\Debug\link.write.1.tlog
C:\Users\minho\Dropbox\courses\14fall\cg\samples\src\Debug\mt.command.1.tlog
C:\Users\minho\Dropbox\courses\14fall\cg\samples\src\Debug\mt.read.1.tlog
C:\Users\minho\Dropbox\courses\14fall\cg\samples\src\Debug\mt.write.1.tlog
C:\USERS\MINHO\DROPBOX\COURSES\14FALL\CG\SAMPLES\SRC\DEBUG\PRIMITIVE_RESTART.OBJ
C:\USERS\MINHO\DROPBOX\COURSES\14FALL\CG\SAMPLES\SRC\DEBUG\SAMPLES.EXE
C:\USERS\MINHO\DROPBOX\COURSES\14FALL\CG\SAMPLES\SRC\DEBUG\SAMPLES.EXE.INTERMEDIATE.MANIFEST
C:\USERS\MINHO\DROPBOX\COURSES\14FALL\CG\SAMPLES\SRC\DEBUG\SAMPLES.ILK
C:\USERS\MINHO\DROPBOX\COURSES\14FALL\CG\SAMPLES\SRC\DEBUG\SAMPLES.PDB
C:\Users\minho\Dropbox\courses\14fall\cg\samples\src\Debug\samples.vcxprojResolveAssemblyReference.cache
C:\Users\minho\Dropbox\courses\14fall\cg\samples\src\Debug\samples.write.1.tlog
C:\Users\minho\Dropbox\courses\14fall\cg\samples\src\Debug\vc100.idb
C:\USERS\MINHO\DROPBOX\COURSES\14FALL\CG\SAMPLES\SRC\DEBUG\VC100.PDB
