Build started 9/23/2014 11:29:31 AM.
     1>Project "C:\Users\minho\Dropbox\courses\14fall\cg\samples\src\samples.vcxproj" on node 2 (build target(s)).
     1>InitializeBuildStatus:
         Creating "Debug\samples.unsuccessfulbuild" because "AlwaysCreate" was specified.
       ClCompile:
         C:\Program Files (x86)\Microsoft Visual Studio 10.0\VC\bin\CL.exe /c /I../include /ZI /nologo /W3 /WX- /Od /Oy- /D _MBCS /Gm /EHsc /RTC1 /MDd /GS /fp:precise /Zc:wchar_t /Zc:forScope /Fo"Debug\\" /Fd"Debug\vc100.pdb" /Gd /TP /analyze- /errorReport:prompt triangles.cpp
         triangles.cpp
     1>c:\users\minho\dropbox\courses\14fall\cg\samples\src\triangles.cpp(30): warning C4305: 'initializing' : truncation from 'double' to 'GLfloat'
     1>c:\users\minho\dropbox\courses\14fall\cg\samples\src\triangles.cpp(30): warning C4305: 'initializing' : truncation from 'double' to 'GLfloat'
     1>c:\users\minho\dropbox\courses\14fall\cg\samples\src\triangles.cpp(31): warning C4305: 'initializing' : truncation from 'double' to 'GLfloat'
     1>c:\users\minho\dropbox\courses\14fall\cg\samples\src\triangles.cpp(31): warning C4305: 'initializing' : truncation from 'double' to 'GLfloat'
     1>c:\users\minho\dropbox\courses\14fall\cg\samples\src\triangles.cpp(32): warning C4305: 'initializing' : truncation from 'double' to 'GLfloat'
     1>c:\users\minho\dropbox\courses\14fall\cg\samples\src\triangles.cpp(32): warning C4305: 'initializing' : truncation from 'double' to 'GLfloat'
     1>c:\users\minho\dropbox\courses\14fall\cg\samples\src\triangles.cpp(33): warning C4305: 'initializing' : truncation from 'double' to 'GLfloat'
     1>c:\users\minho\dropbox\courses\14fall\cg\samples\src\triangles.cpp(33): warning C4305: 'initializing' : truncation from 'double' to 'GLfloat'
     1>c:\users\minho\dropbox\courses\14fall\cg\samples\src\triangles.cpp(34): warning C4305: 'initializing' : truncation from 'double' to 'GLfloat'
     1>c:\users\minho\dropbox\courses\14fall\cg\samples\src\triangles.cpp(34): warning C4305: 'initializing' : truncation from 'double' to 'GLfloat'
     1>c:\users\minho\dropbox\courses\14fall\cg\samples\src\triangles.cpp(35): warning C4305: 'initializing' : truncation from 'double' to 'GLfloat'
     1>c:\users\minho\dropbox\courses\14fall\cg\samples\src\triangles.cpp(35): warning C4305: 'initializing' : truncation from 'double' to 'GLfloat'
       Link:
         C:\Program Files (x86)\Microsoft Visual Studio 10.0\VC\bin\link.exe /ERRORREPORT:PROMPT /OUT:"C:\Users\minho\Dropbox\courses\14fall\cg\samples\src\Debug\samples.exe" /NOLOGO /LIBPATH:../lib glew32.lib freeglut.lib kernel32.lib user32.lib gdi32.lib winspool.lib comdlg32.lib advapi32.lib shell32.lib ole32.lib oleaut32.lib uuid.lib odbc32.lib odbccp32.lib /MANIFEST /ManifestFile:"Debug\samples.exe.intermediate.manifest" /MANIFESTUAC:"level='asInvoker' uiAccess='false'" /DEBUG /PDB:"C:\Users\minho\Dropbox\courses\14fall\cg\samples\src\Debug\samples.pdb" /TLBID:1 /DYNAMICBASE /NXCOMPAT /IMPLIB:"C:\Users\minho\Dropbox\courses\14fall\cg\samples\src\Debug\samples.lib" /MACHINE:X86 Debug\triangles.obj
         LINK : C:\Users\minho\Dropbox\courses\14fall\cg\samples\src\Debug\samples.exe not found or not built by the last incremental link; performing full link
         samples.vcxproj -> C:\Users\minho\Dropbox\courses\14fall\cg\samples\src\Debug\samples.exe
       Manifest:
         C:\Program Files (x86)\Microsoft SDKs\Windows\v7.0A\bin\mt.exe /nologo /verbose /outputresource:"C:\Users\minho\Dropbox\courses\14fall\cg\samples\src\Debug\samples.exe;#1" /manifest Debug\samples.exe.intermediate.manifest
       FinalizeBuildStatus:
         Deleting file "Debug\samples.unsuccessfulbuild".
         Touching "Debug\samples.lastbuildstate".
     1>Done Building Project "C:\Users\minho\Dropbox\courses\14fall\cg\samples\src\samples.vcxproj" (build target(s)).

Build succeeded.

Time Elapsed 00:00:01.52
