Build started 2013-11-14 오전 11:58:34.
     1>Project "C:\Users\minho\Dropbox\courses\13fall\cg\samples\GL430_samples\samples\samples.vcxproj" on node 2 (rebuild target(s)).
     1>_PrepareForClean:
         Deleting file "Debug\samples.lastbuildstate".
       InitializeBuildStatus:
         Touching "Debug\samples.unsuccessfulbuild".
       ClCompile:
         C:\Program Files (x86)\Microsoft Visual Studio 10.0\VC\bin\CL.exe /c /I../include /I../include/freetype2 /ZI /nologo /W3 /WX- /Od /Oy- /D _MBCS /Gm /EHsc /RTC1 /MDd /GS /fp:precise /Zc:wchar_t /Zc:forScope /Fo"Debug\\" /Fd"Debug\vc100.pdb" /Gd /TC /analyze- /errorReport:prompt viewer.c
         viewer.c
     1>c:\users\minho\dropbox\courses\13fall\cg\samples\gl430_samples\samples\viewer.c(154): warning C4018: '<' : signed/unsigned mismatch
     1>c:\users\minho\dropbox\courses\13fall\cg\samples\gl430_samples\samples\viewer.c(160): warning C4244: '=' : conversion from 'GLuint' to 'GLfloat', possible loss of data
     1>c:\users\minho\dropbox\courses\13fall\cg\samples\gl430_samples\samples\viewer.c(359): warning C4244: '=' : conversion from 'GLdouble' to 'GLfloat', possible loss of data
       Link:
         C:\Program Files (x86)\Microsoft Visual Studio 10.0\VC\bin\link.exe /ERRORREPORT:PROMPT /OUT:"C:\Users\minho\Dropbox\courses\13fall\cg\samples\GL430_samples\samples\Debug\samples.exe" /NOLOGO /LIBPATH:../lib glew32.lib kernel32.lib user32.lib gdi32.lib winspool.lib comdlg32.lib advapi32.lib shell32.lib ole32.lib oleaut32.lib uuid.lib odbc32.lib odbccp32.lib /MANIFEST /ManifestFile:"Debug\samples.exe.intermediate.manifest" /MANIFESTUAC:"level='asInvoker' uiAccess='false'" /DEBUG /PDB:"C:\Users\minho\Dropbox\courses\13fall\cg\samples\GL430_samples\samples\Debug\samples.pdb" /TLBID:1 /DYNAMICBASE /NXCOMPAT /IMPLIB:"C:\Users\minho\Dropbox\courses\13fall\cg\samples\GL430_samples\samples\Debug\samples.lib" /MACHINE:X86 Debug\viewer.obj
         samples.vcxproj -> C:\Users\minho\Dropbox\courses\13fall\cg\samples\GL430_samples\samples\Debug\samples.exe
       Manifest:
         C:\Program Files (x86)\Microsoft SDKs\Windows\v7.0A\bin\mt.exe /nologo /verbose /outputresource:"C:\Users\minho\Dropbox\courses\13fall\cg\samples\GL430_samples\samples\Debug\samples.exe;#1" /manifest Debug\samples.exe.intermediate.manifest
       FinalizeBuildStatus:
         Deleting file "Debug\samples.unsuccessfulbuild".
         Touching "Debug\samples.lastbuildstate".
     1>Done Building Project "C:\Users\minho\Dropbox\courses\13fall\cg\samples\GL430_samples\samples\samples.vcxproj" (rebuild target(s)).

Build succeeded.

Time Elapsed 00:00:00.59
