Build started 2013-11-07 오후 4:26:14.
     1>Project "C:\Users\minho\Dropbox\courses\13fall\cg\samples\GL430_samples\samples\triangles.vcxproj" on node 2 (build target(s)).
     1>InitializeBuildStatus:
         Creating "Debug\triangles.unsuccessfulbuild" because "AlwaysCreate" was specified.
       ClCompile:
         C:\Program Files (x86)\Microsoft Visual Studio 10.0\VC\bin\CL.exe /c /I../include /I"../include/glm-0.9.5" /I../include/glload/include /ZI /nologo /W3 /WX- /Od /Oy- /D _MBCS /Gm /EHsc /RTC1 /MDd /GS /fp:precise /Zc:wchar_t /Zc:forScope /Fo"Debug\\" /Fd"Debug\vc100.pdb" /Gd /TP /analyze- /errorReport:prompt quad_tex_mipmap.cpp
         quad_tex_mipmap.cpp
     1>c:\users\minho\dropbox\courses\13fall\cg\samples\gl430_samples\samples\quad_tex_mipmap.cpp(117): warning C4244: 'argument' : conversion from 'std::streamoff' to 'unsigned int', possible loss of data
     1>c:\users\minho\dropbox\courses\13fall\cg\samples\gl430_samples\samples\quad_tex_mipmap.cpp(156): warning C4305: 'argument' : truncation from 'double' to 'GLclampf'
     1>c:\users\minho\dropbox\courses\13fall\cg\samples\gl430_samples\samples\quad_tex_mipmap.cpp(156): warning C4305: 'argument' : truncation from 'double' to 'GLclampf'
     1>c:\users\minho\dropbox\courses\13fall\cg\samples\gl430_samples\samples\quad_tex_mipmap.cpp(156): warning C4305: 'argument' : truncation from 'double' to 'GLclampf'
     1>c:\users\minho\dropbox\courses\13fall\cg\samples\gl430_samples\samples\quad_tex_mipmap.cpp(162): warning C4305: 'initializing' : truncation from 'double' to 'GLfloat'
     1>c:\users\minho\dropbox\courses\13fall\cg\samples\gl430_samples\samples\quad_tex_mipmap.cpp(162): warning C4305: 'initializing' : truncation from 'double' to 'GLfloat'
     1>c:\users\minho\dropbox\courses\13fall\cg\samples\gl430_samples\samples\quad_tex_mipmap.cpp(163): warning C4305: 'initializing' : truncation from 'double' to 'GLfloat'
     1>c:\users\minho\dropbox\courses\13fall\cg\samples\gl430_samples\samples\quad_tex_mipmap.cpp(163): warning C4305: 'initializing' : truncation from 'double' to 'GLfloat'
     1>c:\users\minho\dropbox\courses\13fall\cg\samples\gl430_samples\samples\quad_tex_mipmap.cpp(164): warning C4305: 'initializing' : truncation from 'double' to 'GLfloat'
     1>c:\users\minho\dropbox\courses\13fall\cg\samples\gl430_samples\samples\quad_tex_mipmap.cpp(164): warning C4305: 'initializing' : truncation from 'double' to 'GLfloat'
     1>c:\users\minho\dropbox\courses\13fall\cg\samples\gl430_samples\samples\quad_tex_mipmap.cpp(165): warning C4305: 'initializing' : truncation from 'double' to 'GLfloat'
     1>c:\users\minho\dropbox\courses\13fall\cg\samples\gl430_samples\samples\quad_tex_mipmap.cpp(165): warning C4305: 'initializing' : truncation from 'double' to 'GLfloat'
       Link:
         C:\Program Files (x86)\Microsoft Visual Studio 10.0\VC\bin\link.exe /ERRORREPORT:PROMPT /OUT:"C:\Users\minho\Dropbox\courses\13fall\cg\samples\GL430_samples\samples\Debug\triangles.exe" /NOLOGO /LIBPATH:../lib glew32.lib kernel32.lib user32.lib gdi32.lib winspool.lib comdlg32.lib advapi32.lib shell32.lib ole32.lib oleaut32.lib uuid.lib odbc32.lib odbccp32.lib /MANIFEST /ManifestFile:"Debug\triangles.exe.intermediate.manifest" /MANIFESTUAC:"level='asInvoker' uiAccess='false'" /DEBUG /PDB:"C:\Users\minho\Dropbox\courses\13fall\cg\samples\GL430_samples\samples\Debug\triangles.pdb" /TLBID:1 /DYNAMICBASE /NXCOMPAT /IMPLIB:"C:\Users\minho\Dropbox\courses\13fall\cg\samples\GL430_samples\samples\Debug\triangles.lib" /MACHINE:X86 Debug\quad_tex_mipmap.obj
         LINK : C:\Users\minho\Dropbox\courses\13fall\cg\samples\GL430_samples\samples\Debug\triangles.exe not found or not built by the last incremental link; performing full link
         triangles.vcxproj -> C:\Users\minho\Dropbox\courses\13fall\cg\samples\GL430_samples\samples\Debug\triangles.exe
       Manifest:
         C:\Program Files (x86)\Microsoft SDKs\Windows\v7.0A\bin\mt.exe /nologo /verbose /outputresource:"C:\Users\minho\Dropbox\courses\13fall\cg\samples\GL430_samples\samples\Debug\triangles.exe;#1" /manifest Debug\triangles.exe.intermediate.manifest
       FinalizeBuildStatus:
         Deleting file "Debug\triangles.unsuccessfulbuild".
         Touching "Debug\triangles.lastbuildstate".
     1>Done Building Project "C:\Users\minho\Dropbox\courses\13fall\cg\samples\GL430_samples\samples\triangles.vcxproj" (build target(s)).

Build succeeded.

Time Elapsed 00:00:01.68
