Build started 2013-10-30 오후 3:01:29.
     1>Project "C:\Users\minho\Downloads\glsdk_0_5_2\glload\glload.vcxproj" on node 6 (build target(s)).
     1>PrepareForBuild:
         Creating directory "lib\".
       InitializeBuildStatus:
         Creating "Debug\glload.unsuccessfulbuild" because "AlwaysCreate" was specified.
       ClCompile:
         C:\Program Files (x86)\Microsoft Visual Studio 10.0\VC\bin\CL.exe /c /Iinclude /Isource /ZI /nologo /W3 /WX- /Od /Oy- /D _CRT_SECURE_NO_WARNINGS /D _SCL_SECURE_NO_WARNINGS /D BOOST_ALL_NO_LIB /D WIN32 /D DEBUG /D _DEBUG /D MEMORY_DEBUGGING /D _UNICODE /D UNICODE /Gm /EHsc /RTC1 /MDd /GS /Gy /fp:precise /Zc:wchar_t /Zc:forScope /Fo"Debug\\" /Fd"Debug\vc100.pdb" /Gd /TC /analyze- /errorReport:prompt source\gl_load.c source\wgl_load.c
         wgl_load.c
         gl_load.c
         Generating Code...
         C:\Program Files (x86)\Microsoft Visual Studio 10.0\VC\bin\CL.exe /c /Iinclude /Isource /ZI /nologo /W3 /WX- /Od /Oy- /D _CRT_SECURE_NO_WARNINGS /D _SCL_SECURE_NO_WARNINGS /D BOOST_ALL_NO_LIB /D WIN32 /D DEBUG /D _DEBUG /D MEMORY_DEBUGGING /D _UNICODE /D UNICODE /Gm /EHsc /RTC1 /MDd /GS /Gy /fp:precise /Zc:wchar_t /Zc:forScope /Fo"Debug\\" /Fd"Debug\vc100.pdb" /Gd /TP /analyze- /errorReport:prompt source\gl_load_cpp.cpp source\wgl_load_cpp.cpp
         wgl_load_cpp.cpp
         gl_load_cpp.cpp
         Generating Code...
       Lib:
         C:\Program Files (x86)\Microsoft Visual Studio 10.0\VC\bin\Lib.exe /OUT:"lib\glloadD.lib" /NOLOGO Debug\gl_load.obj
         Debug\gl_load_cpp.obj
         Debug\wgl_load.obj
         Debug\wgl_load_cpp.obj
         glload.vcxproj -> C:\Users\minho\Downloads\glsdk_0_5_2\glload\lib\glloadD.lib
       FinalizeBuildStatus:
         Deleting file "Debug\glload.unsuccessfulbuild".
         Touching "Debug\glload.lastbuildstate".
     1>Done Building Project "C:\Users\minho\Downloads\glsdk_0_5_2\glload\glload.vcxproj" (build target(s)).

Build succeeded.

Time Elapsed 00:00:02.51
